\BOOKMARK [1][-]{section.1}{Introduction}{}% 1
\BOOKMARK [1][-]{section.2}{Governing\040equations}{}% 2
\BOOKMARK [1][-]{section.3}{HLLCEP}{}% 3
\BOOKMARK [2][-]{subsection.3.1}{The\040Riemann\040problem}{section.3}% 4
\BOOKMARK [2][-]{subsection.3.2}{Jacobian\040matrix}{section.3}% 5
\BOOKMARK [2][-]{subsection.3.3}{States\040between\040the\040contact\040wave\040or\040the\040interface}{section.3}% 6
\BOOKMARK [2][-]{subsection.3.4}{A\040relation\040between\040\040and\040sxx\040in\0401D\040elastic-plastic\040equation\040system}{section.3}% 7
\BOOKMARK [2][-]{subsection.3.5}{The\040constructing\040details\040of\040HLLCEP\040method}{section.3}% 8
\BOOKMARK [3][-]{subsubsection.3.5.1}{Pre-evaluating\040the\040states\040without\040considering\040of\040plastic\040waves}{subsection.3.5}% 9
\BOOKMARK [3][-]{subsubsection.3.5.2}{Case\0401:\040No\040plastic\040wave}{subsection.3.5}% 10
\BOOKMARK [3][-]{subsubsection.3.5.3}{Case\0402:\040with\040only\040the\040left\040plastic\040wave}{subsection.3.5}% 11
\BOOKMARK [3][-]{subsubsection.3.5.4}{Case\0403:\040with\040only\040the\040right\040plastic\040wave}{subsection.3.5}% 12
\BOOKMARK [3][-]{subsubsection.3.5.5}{Case\0404:\040with\040both\040the\040left\040and\040right\040plastic\040waves}{subsection.3.5}% 13
\BOOKMARK [2][-]{subsection.3.6}{Summary\040of\040HLLCEP}{section.3}% 14
\BOOKMARK [1][-]{section.4}{\040A\040High-order\040cell-centered\040Lagrangian\040scheme\040for\0401D\040conservative\040hydrodynamic\040equations\040with\040Wilkins'\040model}{}% 15
\BOOKMARK [2][-]{subsection.4.1}{Spatial\040discretization}{section.4}% 16
\BOOKMARK [3][-]{subsubsection.4.1.1}{High-order\040reconstruction}{subsection.4.1}% 17
\BOOKMARK [3][-]{subsubsection.4.1.2}{Spatial\040discretization\040of\040the\040constitutive\040equation}{subsection.4.1}% 18
\BOOKMARK [3][-]{subsubsection.4.1.3}{Reconstruction\040near\040the\040Multi-material\040interface}{subsection.4.1}% 19
\BOOKMARK [2][-]{subsection.4.2}{Time\040discretization}{section.4}% 20
\BOOKMARK [1][-]{section.5}{Numerical\040tests}{}% 21
\BOOKMARK [2][-]{subsection.5.1}{Accuracy\040test}{section.5}% 22
\BOOKMARK [2][-]{subsection.5.2}{Piston\040problem}{section.5}% 23
\BOOKMARK [2][-]{subsection.5.3}{Wilkins'\040problem}{section.5}% 24
\BOOKMARK [2][-]{subsection.5.4}{Multi-material\040problem\0401}{section.5}% 25
\BOOKMARK [2][-]{subsection.5.5}{Two\040materials\040problem\0402}{section.5}% 26
