This is XeTeX, Version 3.14159265-2.6-0.99992 (TeX Live 2015/Debian) (preloaded format=xelatex 2019.3.28)  10 MAY 2019 21:24
entering extended mode
 restricted \write18 enabled.
 %&-line parsing enabled.
**"Manuscript20190221 v3.tex"
(./Manuscript20190221 v3.tex
LaTeX2e <2016/02/01>
Babel <3.9q> and hyphenation patterns for 81 language(s) loaded.
(/usr/share/texlive/texmf-dist/tex/latex/elsarticle/elsarticle.cls
Document Class: elsarticle 2009/09/17, 1.2.0: Elsevier Ltd
\@bls=\dimen102
(/usr/share/texlive/texmf-dist/tex/latex/base/article.cls
Document Class: article 2014/09/29 v1.4h Standard LaTeX document class
(/usr/share/texlive/texmf-dist/tex/latex/base/size10.clo
File: size10.clo 2014/09/29 v1.4h Standard LaTeX file (size option)
)
\c@part=\count79
\c@section=\count80
\c@subsection=\count81
\c@subsubsection=\count82
\c@paragraph=\count83
\c@subparagraph=\count84
\c@figure=\count85
\c@table=\count86
\abovecaptionskip=\skip41
\belowcaptionskip=\skip42
\bibindent=\dimen103
)
(/usr/share/texlive/texmf-dist/tex/latex/graphics/graphicx.sty
Package: graphicx 2014/10/28 v1.0g Enhanced LaTeX Graphics (DPC,SPQR)

(/usr/share/texlive/texmf-dist/tex/latex/graphics/keyval.sty
Package: keyval 2014/10/28 v1.15 key=value parser (DPC)
\KV@toks@=\toks14
)
(/usr/share/texlive/texmf-dist/tex/latex/graphics/graphics.sty
Package: graphics 2016/01/03 v1.0q Standard LaTeX Graphics (DPC,SPQR)

(/usr/share/texlive/texmf-dist/tex/latex/graphics/trig.sty
Package: trig 2016/01/03 v1.10 sin cos tan (DPC)
)
(/usr/share/texlive/texmf-dist/tex/latex/latexconfig/graphics.cfg
File: graphics.cfg 2010/04/23 v1.9 graphics configuration of TeX Live
)
Package graphics Info: Driver file: xetex.def on input line 95.

(/usr/share/texlive/texmf-dist/tex/xelatex/xetex-def/xetex.def
File: xetex.def 2015/09/11 v4.06 LaTeX color/graphics driver for XeTeX (TeX Liv
e/RRM/JK)

(/usr/share/texlive/texmf-dist/tex/generic/oberdiek/infwarerr.sty
Package: infwarerr 2010/04/08 v1.3 Providing info/warning/error messages (HO)
)
(/usr/share/texlive/texmf-dist/tex/generic/oberdiek/ltxcmds.sty
Package: ltxcmds 2011/11/09 v1.22 LaTeX kernel commands for general use (HO)
)))
\Gin@req@height=\dimen104
\Gin@req@width=\dimen105
)
(/usr/share/texlive/texmf-dist/tex/latex/psnfss/pifont.sty
Package: pifont 2005/04/12 PSNFSS-v9.2a Pi font support (SPQR) 
LaTeX Font Info:    Try loading font information for U+pzd on input line 63.

(/usr/share/texlive/texmf-dist/tex/latex/psnfss/upzd.fd
File: upzd.fd 2001/06/04 font definitions for U/pzd.
)
LaTeX Font Info:    Try loading font information for U+psy on input line 64.

(/usr/share/texlive/texmf-dist/tex/latex/psnfss/upsy.fd
File: upsy.fd 2001/06/04 font definitions for U/psy.
))
\c@tnote=\count87
\c@fnote=\count88
\c@cnote=\count89
\c@ead=\count90
\c@author=\count91
\@eadauthor=\toks15
\c@affn=\count92
\absbox=\box26
\keybox=\box27
\Columnwidth=\dimen106
\space@left=\dimen107
\els@boxa=\box28
\els@boxb=\box29
\leftMargin=\dimen108
\@enLab=\toks16
\@sep=\skip43
\@@sep=\skip44

(./Manuscript20190221 v3.spl)
(/usr/share/texlive/texmf-dist/tex/latex/natbib/natbib.sty
Package: natbib 2010/09/13 8.31b (PWD, AO)
\bibhang=\skip45
\bibsep=\skip46
LaTeX Info: Redefining \cite on input line 694.
\c@NAT@ctr=\count93
)
\splwrite=\write3
\openout3 = `"Manuscript20190221 v3.spl"'.

)
(/usr/share/texlive/texmf-dist/tex/latex/amsfonts/amssymb.sty
Package: amssymb 2013/01/14 v3.01 AMS font symbols

(/usr/share/texlive/texmf-dist/tex/latex/amsfonts/amsfonts.sty
Package: amsfonts 2013/01/14 v3.01 Basic AMSFonts support
\@emptytoks=\toks17
\symAMSa=\mathgroup4
\symAMSb=\mathgroup5
LaTeX Font Info:    Overwriting math alphabet `\mathfrak' in version `bold'
(Font)                  U/euf/m/n --> U/euf/b/n on input line 106.
))
(/usr/share/texlive/texmf-dist/tex/latex/amsmath/amsmath.sty
Package: amsmath 2016/03/03 v2.15a AMS math features
\@mathmargin=\skip47

For additional information on amsmath, use the `?' option.
(/usr/share/texlive/texmf-dist/tex/latex/amsmath/amstext.sty
Package: amstext 2000/06/29 v2.01 AMS text

(/usr/share/texlive/texmf-dist/tex/latex/amsmath/amsgen.sty
File: amsgen.sty 1999/11/30 v2.0 generic functions
\@emptytoks=\toks18
\ex@=\dimen109
))
(/usr/share/texlive/texmf-dist/tex/latex/amsmath/amsbsy.sty
Package: amsbsy 1999/11/29 v1.2d Bold Symbols
\pmbraise@=\dimen110
)
(/usr/share/texlive/texmf-dist/tex/latex/amsmath/amsopn.sty
Package: amsopn 1999/12/14 v2.01 operator names
)
\inf@bad=\count94
LaTeX Info: Redefining \frac on input line 199.
\uproot@=\count95
\leftroot@=\count96
LaTeX Info: Redefining \overline on input line 297.
\classnum@=\count97
\DOTSCASE@=\count98
LaTeX Info: Redefining \ldots on input line 394.
LaTeX Info: Redefining \dots on input line 397.
LaTeX Info: Redefining \cdots on input line 518.
\Mathstrutbox@=\box30
\strutbox@=\box31
\big@size=\dimen111
LaTeX Font Info:    Redeclaring font encoding OML on input line 630.
LaTeX Font Info:    Redeclaring font encoding OMS on input line 631.
\macc@depth=\count99
\c@MaxMatrixCols=\count100
\dotsspace@=\muskip10
\c@parentequation=\count101
\dspbrk@lvl=\count102
\tag@help=\toks19
\row@=\count103
\column@=\count104
\maxfields@=\count105
\andhelp@=\toks20
\eqnshift@=\dimen112
\alignsep@=\dimen113
\tagshift@=\dimen114
\tagwidth@=\dimen115
\totwidth@=\dimen116
\lineht@=\dimen117
\@envbody=\toks21
\multlinegap=\skip48
\multlinetaggap=\skip49
\mathdisplay@stack=\toks22
LaTeX Info: Redefining \[ on input line 2735.
LaTeX Info: Redefining \] on input line 2736.
)
(/usr/share/texlive/texmf-dist/tex/latex/graphics/color.sty
Package: color 2016/01/03 v1.1b Standard LaTeX Color (DPC)

(/usr/share/texlive/texmf-dist/tex/latex/latexconfig/color.cfg
File: color.cfg 2007/01/18 v1.5 color configuration of teTeX/TeXLive
)
Package color Info: Driver file: xetex.def on input line 143.
)
(/usr/share/texlive/texmf-dist/tex/latex/pgf/frontendlayer/tikz.sty
(/usr/share/texlive/texmf-dist/tex/latex/pgf/basiclayer/pgf.sty
(/usr/share/texlive/texmf-dist/tex/latex/pgf/utilities/pgfrcs.sty
(/usr/share/texlive/texmf-dist/tex/generic/pgf/utilities/pgfutil-common.tex
\pgfutil@everybye=\toks23
\pgfutil@tempdima=\dimen118
\pgfutil@tempdimb=\dimen119

(/usr/share/texlive/texmf-dist/tex/generic/pgf/utilities/pgfutil-common-lists.t
ex)) (/usr/share/texlive/texmf-dist/tex/generic/pgf/utilities/pgfutil-latex.def
\pgfutil@abb=\box32
(/usr/share/texlive/texmf-dist/tex/latex/ms/everyshi.sty
Package: everyshi 2001/05/15 v3.00 EveryShipout Package (MS)
))
(/usr/share/texlive/texmf-dist/tex/generic/pgf/utilities/pgfrcs.code.tex
Package: pgfrcs 2015/08/07 v3.0.1a (rcs-revision 1.31)
))
Package: pgf 2015/08/07 v3.0.1a (rcs-revision 1.15)

(/usr/share/texlive/texmf-dist/tex/latex/pgf/basiclayer/pgfcore.sty
(/usr/share/texlive/texmf-dist/tex/latex/pgf/systemlayer/pgfsys.sty
(/usr/share/texlive/texmf-dist/tex/generic/pgf/systemlayer/pgfsys.code.tex
Package: pgfsys 2014/07/09 v3.0.1a (rcs-revision 1.48)

(/usr/share/texlive/texmf-dist/tex/generic/pgf/utilities/pgfkeys.code.tex
\pgfkeys@pathtoks=\toks24
\pgfkeys@temptoks=\toks25

(/usr/share/texlive/texmf-dist/tex/generic/pgf/utilities/pgfkeysfiltered.code.t
ex
\pgfkeys@tmptoks=\toks26
))
\pgf@x=\dimen120
\pgf@y=\dimen121
\pgf@xa=\dimen122
\pgf@ya=\dimen123
\pgf@xb=\dimen124
\pgf@yb=\dimen125
\pgf@xc=\dimen126
\pgf@yc=\dimen127
\w@pgf@writea=\write4
\r@pgf@reada=\read1
\c@pgf@counta=\count106
\c@pgf@countb=\count107
\c@pgf@countc=\count108
\c@pgf@countd=\count109
\t@pgf@toka=\toks27
\t@pgf@tokb=\toks28
\t@pgf@tokc=\toks29
 (/usr/share/texlive/texmf-dist/tex/generic/pgf/systemlayer/pgf.cfg
File: pgf.cfg 2008/05/14  (rcs-revision 1.7)
)
Driver file for pgf: pgfsys-xetex.def

(/usr/share/texlive/texmf-dist/tex/generic/pgf/systemlayer/pgfsys-xetex.def
File: pgfsys-xetex.def 2014/07/09  (rcs-revision 1.11)

(/usr/share/texlive/texmf-dist/tex/generic/pgf/systemlayer/pgfsys-dvipdfmx.def
File: pgfsys-dvipdfmx.def 2014/07/09  (rcs-revision 1.14)

(/usr/share/texlive/texmf-dist/tex/generic/pgf/systemlayer/pgfsys-common-pdf.de
f
File: pgfsys-common-pdf.def 2013/10/10  (rcs-revision 1.13)
)
\pgfsys@objnum=\count110
)))
(/usr/share/texlive/texmf-dist/tex/generic/pgf/systemlayer/pgfsyssoftpath.code.
tex
File: pgfsyssoftpath.code.tex 2013/09/09  (rcs-revision 1.9)
\pgfsyssoftpath@smallbuffer@items=\count111
\pgfsyssoftpath@bigbuffer@items=\count112
)
(/usr/share/texlive/texmf-dist/tex/generic/pgf/systemlayer/pgfsysprotocol.code.
tex
File: pgfsysprotocol.code.tex 2006/10/16  (rcs-revision 1.4)
)) (/usr/share/texlive/texmf-dist/tex/latex/xcolor/xcolor.sty
Package: xcolor 2007/01/21 v2.11 LaTeX color extensions (UK)

(/usr/share/texlive/texmf-dist/tex/latex/latexconfig/color.cfg
File: color.cfg 2007/01/18 v1.5 color configuration of teTeX/TeXLive
)
Package xcolor Info: Driver file: xetex.def on input line 225.
LaTeX Info: Redefining \color on input line 702.
Package xcolor Info: Model `cmy' substituted by `cmy0' on input line 1337.
Package xcolor Info: Model `RGB' extended on input line 1353.
Package xcolor Info: Model `HTML' substituted by `rgb' on input line 1355.
Package xcolor Info: Model `Hsb' substituted by `hsb' on input line 1356.
Package xcolor Info: Model `tHsb' substituted by `hsb' on input line 1357.
Package xcolor Info: Model `HSB' substituted by `hsb' on input line 1358.
Package xcolor Info: Model `Gray' substituted by `gray' on input line 1359.
Package xcolor Info: Model `wave' substituted by `hsb' on input line 1360.
)
(/usr/share/texlive/texmf-dist/tex/generic/pgf/basiclayer/pgfcore.code.tex
Package: pgfcore 2010/04/11 v3.0.1a (rcs-revision 1.7)

(/usr/share/texlive/texmf-dist/tex/generic/pgf/math/pgfmath.code.tex
(/usr/share/texlive/texmf-dist/tex/generic/pgf/math/pgfmathcalc.code.tex
(/usr/share/texlive/texmf-dist/tex/generic/pgf/math/pgfmathutil.code.tex)
(/usr/share/texlive/texmf-dist/tex/generic/pgf/math/pgfmathparser.code.tex
\pgfmath@dimen=\dimen128
\pgfmath@count=\count113
\pgfmath@box=\box33
\pgfmath@toks=\toks30
\pgfmath@stack@operand=\toks31
\pgfmath@stack@operation=\toks32
)
(/usr/share/texlive/texmf-dist/tex/generic/pgf/math/pgfmathfunctions.code.tex
(/usr/share/texlive/texmf-dist/tex/generic/pgf/math/pgfmathfunctions.basic.code
.tex)
(/usr/share/texlive/texmf-dist/tex/generic/pgf/math/pgfmathfunctions.trigonomet
ric.code.tex)
(/usr/share/texlive/texmf-dist/tex/generic/pgf/math/pgfmathfunctions.random.cod
e.tex)
(/usr/share/texlive/texmf-dist/tex/generic/pgf/math/pgfmathfunctions.comparison
.code.tex)
(/usr/share/texlive/texmf-dist/tex/generic/pgf/math/pgfmathfunctions.base.code.
tex)
(/usr/share/texlive/texmf-dist/tex/generic/pgf/math/pgfmathfunctions.round.code
.tex)
(/usr/share/texlive/texmf-dist/tex/generic/pgf/math/pgfmathfunctions.misc.code.
tex)
(/usr/share/texlive/texmf-dist/tex/generic/pgf/math/pgfmathfunctions.integerari
thmetics.code.tex)))
(/usr/share/texlive/texmf-dist/tex/generic/pgf/math/pgfmathfloat.code.tex
\c@pgfmathroundto@lastzeros=\count114
))
(/usr/share/texlive/texmf-dist/tex/generic/pgf/basiclayer/pgfcorepoints.code.te
x
File: pgfcorepoints.code.tex 2013/10/07  (rcs-revision 1.27)
\pgf@picminx=\dimen129
\pgf@picmaxx=\dimen130
\pgf@picminy=\dimen131
\pgf@picmaxy=\dimen132
\pgf@pathminx=\dimen133
\pgf@pathmaxx=\dimen134
\pgf@pathminy=\dimen135
\pgf@pathmaxy=\dimen136
\pgf@xx=\dimen137
\pgf@xy=\dimen138
\pgf@yx=\dimen139
\pgf@yy=\dimen140
\pgf@zx=\dimen141
\pgf@zy=\dimen142
)
(/usr/share/texlive/texmf-dist/tex/generic/pgf/basiclayer/pgfcorepathconstruct.
code.tex
File: pgfcorepathconstruct.code.tex 2013/10/07  (rcs-revision 1.29)
\pgf@path@lastx=\dimen143
\pgf@path@lasty=\dimen144
)
(/usr/share/texlive/texmf-dist/tex/generic/pgf/basiclayer/pgfcorepathusage.code
.tex
File: pgfcorepathusage.code.tex 2014/11/02  (rcs-revision 1.24)
\pgf@shorten@end@additional=\dimen145
\pgf@shorten@start@additional=\dimen146
)
(/usr/share/texlive/texmf-dist/tex/generic/pgf/basiclayer/pgfcorescopes.code.te
x
File: pgfcorescopes.code.tex 2015/05/08  (rcs-revision 1.46)
\pgfpic=\box34
\pgf@hbox=\box35
\pgf@layerbox@main=\box36
\pgf@picture@serial@count=\count115
)
(/usr/share/texlive/texmf-dist/tex/generic/pgf/basiclayer/pgfcoregraphicstate.c
ode.tex
File: pgfcoregraphicstate.code.tex 2014/11/02  (rcs-revision 1.12)
\pgflinewidth=\dimen147
)
(/usr/share/texlive/texmf-dist/tex/generic/pgf/basiclayer/pgfcoretransformation
s.code.tex
File: pgfcoretransformations.code.tex 2015/08/07  (rcs-revision 1.20)
\pgf@pt@x=\dimen148
\pgf@pt@y=\dimen149
\pgf@pt@temp=\dimen150
)
(/usr/share/texlive/texmf-dist/tex/generic/pgf/basiclayer/pgfcorequick.code.tex
File: pgfcorequick.code.tex 2008/10/09  (rcs-revision 1.3)
)
(/usr/share/texlive/texmf-dist/tex/generic/pgf/basiclayer/pgfcoreobjects.code.t
ex
File: pgfcoreobjects.code.tex 2006/10/11  (rcs-revision 1.2)
)
(/usr/share/texlive/texmf-dist/tex/generic/pgf/basiclayer/pgfcorepathprocessing
.code.tex
File: pgfcorepathprocessing.code.tex 2013/09/09  (rcs-revision 1.9)
)
(/usr/share/texlive/texmf-dist/tex/generic/pgf/basiclayer/pgfcorearrows.code.te
x
File: pgfcorearrows.code.tex 2015/05/14  (rcs-revision 1.43)
\pgfarrowsep=\dimen151
)
(/usr/share/texlive/texmf-dist/tex/generic/pgf/basiclayer/pgfcoreshade.code.tex
File: pgfcoreshade.code.tex 2013/07/15  (rcs-revision 1.15)
\pgf@max=\dimen152
\pgf@sys@shading@range@num=\count116
)
(/usr/share/texlive/texmf-dist/tex/generic/pgf/basiclayer/pgfcoreimage.code.tex
File: pgfcoreimage.code.tex 2013/07/15  (rcs-revision 1.18)

(/usr/share/texlive/texmf-dist/tex/generic/pgf/basiclayer/pgfcoreexternal.code.
tex
File: pgfcoreexternal.code.tex 2014/07/09  (rcs-revision 1.21)
\pgfexternal@startupbox=\box37
))
(/usr/share/texlive/texmf-dist/tex/generic/pgf/basiclayer/pgfcorelayers.code.te
x
File: pgfcorelayers.code.tex 2013/07/18  (rcs-revision 1.7)
)
(/usr/share/texlive/texmf-dist/tex/generic/pgf/basiclayer/pgfcoretransparency.c
ode.tex
File: pgfcoretransparency.code.tex 2013/09/30  (rcs-revision 1.5)
)
(/usr/share/texlive/texmf-dist/tex/generic/pgf/basiclayer/pgfcorepatterns.code.
tex
File: pgfcorepatterns.code.tex 2013/11/07  (rcs-revision 1.5)
)))
(/usr/share/texlive/texmf-dist/tex/generic/pgf/modules/pgfmoduleshapes.code.tex
File: pgfmoduleshapes.code.tex 2014/03/21  (rcs-revision 1.35)
\pgfnodeparttextbox=\box38
) (/usr/share/texlive/texmf-dist/tex/generic/pgf/modules/pgfmoduleplot.code.tex
File: pgfmoduleplot.code.tex 2015/08/03  (rcs-revision 1.13)
)
(/usr/share/texlive/texmf-dist/tex/latex/pgf/compatibility/pgfcomp-version-0-65
.sty
Package: pgfcomp-version-0-65 2007/07/03 v3.0.1a (rcs-revision 1.7)
\pgf@nodesepstart=\dimen153
\pgf@nodesepend=\dimen154
)
(/usr/share/texlive/texmf-dist/tex/latex/pgf/compatibility/pgfcomp-version-1-18
.sty
Package: pgfcomp-version-1-18 2007/07/23 v3.0.1a (rcs-revision 1.1)
)) (/usr/share/texlive/texmf-dist/tex/latex/pgf/utilities/pgffor.sty
(/usr/share/texlive/texmf-dist/tex/latex/pgf/utilities/pgfkeys.sty
(/usr/share/texlive/texmf-dist/tex/generic/pgf/utilities/pgfkeys.code.tex))
(/usr/share/texlive/texmf-dist/tex/latex/pgf/math/pgfmath.sty
(/usr/share/texlive/texmf-dist/tex/generic/pgf/math/pgfmath.code.tex))
(/usr/share/texlive/texmf-dist/tex/generic/pgf/utilities/pgffor.code.tex
Package: pgffor 2013/12/13 v3.0.1a (rcs-revision 1.25)

(/usr/share/texlive/texmf-dist/tex/generic/pgf/math/pgfmath.code.tex)
\pgffor@iter=\dimen155
\pgffor@skip=\dimen156
\pgffor@stack=\toks33
\pgffor@toks=\toks34
))
(/usr/share/texlive/texmf-dist/tex/generic/pgf/frontendlayer/tikz/tikz.code.tex
Package: tikz 2015/08/07 v3.0.1a (rcs-revision 1.151)

(/usr/share/texlive/texmf-dist/tex/generic/pgf/libraries/pgflibraryplothandlers
.code.tex
File: pgflibraryplothandlers.code.tex 2013/08/31 v3.0.1a (rcs-revision 1.20)
\pgf@plot@mark@count=\count117
\pgfplotmarksize=\dimen157
)
\tikz@lastx=\dimen158
\tikz@lasty=\dimen159
\tikz@lastxsaved=\dimen160
\tikz@lastysaved=\dimen161
\tikzleveldistance=\dimen162
\tikzsiblingdistance=\dimen163
\tikz@figbox=\box39
\tikz@figbox@bg=\box40
\tikz@tempbox=\box41
\tikz@tempbox@bg=\box42
\tikztreelevel=\count118
\tikznumberofchildren=\count119
\tikznumberofcurrentchild=\count120
\tikz@fig@count=\count121

(/usr/share/texlive/texmf-dist/tex/generic/pgf/modules/pgfmodulematrix.code.tex
File: pgfmodulematrix.code.tex 2013/09/17  (rcs-revision 1.8)
\pgfmatrixcurrentrow=\count122
\pgfmatrixcurrentcolumn=\count123
\pgf@matrix@numberofcolumns=\count124
)
\tikz@expandcount=\count125

(/usr/share/texlive/texmf-dist/tex/generic/pgf/frontendlayer/tikz/libraries/tik
zlibrarytopaths.code.tex
File: tikzlibrarytopaths.code.tex 2008/06/17 v3.0.1a (rcs-revision 1.2)
)))
(/usr/share/texlive/texmf-dist/tex/generic/pgf/frontendlayer/tikz/libraries/tik
zlibraryarrows.code.tex
File: tikzlibraryarrows.code.tex 2008/01/09 v3.0.1a (rcs-revision 1.1)

(/usr/share/texlive/texmf-dist/tex/generic/pgf/libraries/pgflibraryarrows.code.
tex
File: pgflibraryarrows.code.tex 2013/09/23 v3.0.1a (rcs-revision 1.16)
\arrowsize=\dimen164
))
(/usr/share/texlive/texmf-dist/tex/generic/pgf/frontendlayer/tikz/libraries/tik
zlibraryshapes.code.tex
File: tikzlibraryshapes.code.tex 2008/01/09 v3.0.1a (rcs-revision 1.1)

(/usr/share/texlive/texmf-dist/tex/generic/pgf/frontendlayer/tikz/libraries/tik
zlibraryshapes.geometric.code.tex
File: tikzlibraryshapes.geometric.code.tex 2008/01/09 v3.0.1a (rcs-revision 1.1
)

(/usr/share/texlive/texmf-dist/tex/generic/pgf/libraries/shapes/pgflibraryshape
s.geometric.code.tex
File: pgflibraryshapes.geometric.code.tex 2008/06/26 v3.0.1a (rcs-revision 1.1)

))
(/usr/share/texlive/texmf-dist/tex/generic/pgf/frontendlayer/tikz/libraries/tik
zlibraryshapes.misc.code.tex
File: tikzlibraryshapes.misc.code.tex 2008/01/09 v3.0.1a (rcs-revision 1.1)

(/usr/share/texlive/texmf-dist/tex/generic/pgf/libraries/shapes/pgflibraryshape
s.misc.code.tex
File: pgflibraryshapes.misc.code.tex 2013/07/18 v3.0.1a (rcs-revision 1.5)
))
(/usr/share/texlive/texmf-dist/tex/generic/pgf/frontendlayer/tikz/libraries/tik
zlibraryshapes.symbols.code.tex
File: tikzlibraryshapes.symbols.code.tex 2008/01/09 v3.0.1a (rcs-revision 1.1)

(/usr/share/texlive/texmf-dist/tex/generic/pgf/libraries/shapes/pgflibraryshape
s.symbols.code.tex
File: pgflibraryshapes.symbols.code.tex 2013/09/11 v3.0.1a (rcs-revision 1.6)
))
(/usr/share/texlive/texmf-dist/tex/generic/pgf/frontendlayer/tikz/libraries/tik
zlibraryshapes.arrows.code.tex
File: tikzlibraryshapes.arrows.code.tex 2008/01/09 v3.0.1a (rcs-revision 1.1)

(/usr/share/texlive/texmf-dist/tex/generic/pgf/libraries/shapes/pgflibraryshape
s.arrows.code.tex
File: pgflibraryshapes.arrows.code.tex 2008/06/26 v3.0.1a (rcs-revision 1.1)
))
(/usr/share/texlive/texmf-dist/tex/generic/pgf/frontendlayer/tikz/libraries/tik
zlibraryshapes.callouts.code.tex
(/usr/share/texlive/texmf-dist/tex/generic/pgf/libraries/shapes/pgflibraryshape
s.callouts.code.tex))
(/usr/share/texlive/texmf-dist/tex/generic/pgf/frontendlayer/tikz/libraries/tik
zlibraryshapes.multipart.code.tex
File: tikzlibraryshapes.multipart.code.tex 2008/01/09 v3.0.1a (rcs-revision 1.1
)

(/usr/share/texlive/texmf-dist/tex/generic/pgf/libraries/shapes/pgflibraryshape
s.multipart.code.tex
File: pgflibraryshapes.multipart.code.tex 2010/01/07 v3.0.1a (rcs-revision 1.2)

\pgfnodepartlowerbox=\box43
\pgfnodeparttwobox=\box44
\pgfnodepartthreebox=\box45
\pgfnodepartfourbox=\box46
\pgfnodeparttwentybox=\box47
\pgfnodepartnineteenbox=\box48
\pgfnodeparteighteenbox=\box49
\pgfnodepartseventeenbox=\box50
\pgfnodepartsixteenbox=\box51
\pgfnodepartfifteenbox=\box52
\pgfnodepartfourteenbox=\box53
\pgfnodepartthirteenbox=\box54
\pgfnodeparttwelvebox=\box55
\pgfnodepartelevenbox=\box56
\pgfnodeparttenbox=\box57
\pgfnodepartninebox=\box58
\pgfnodeparteightbox=\box59
\pgfnodepartsevenbox=\box60
\pgfnodepartsixbox=\box61
\pgfnodepartfivebox=\box62
)))
(/usr/share/texlive/texmf-dist/tex/generic/pgf/libraries/pgflibraryarrows.meta.
code.tex
File: pgflibraryarrows.meta.code.tex 2015/05/13 v3.0.1a (rcs-revision 1.13)
\pgfarrowinset=\dimen165
\pgfarrowlength=\dimen166
\pgfarrowwidth=\dimen167
\pgfarrowlinewidth=\dimen168
) (/usr/share/texlive/texmf-dist/tex/latex/jknapltx/mathrsfs.sty
Package: mathrsfs 1996/01/01 Math RSFS package v1.0 (jk)
\symrsfs=\mathgroup6
)
(/usr/share/texlive/texmf-dist/tex/latex/tools/bm.sty
Package: bm 2014/10/28 v1.1c Bold Symbol Support (DPC/FMi)
\symboldoperators=\mathgroup7
\symboldletters=\mathgroup8
\symboldsymbols=\mathgroup9
LaTeX Font Info:    Redeclaring math alphabet \mathbf on input line 141.
LaTeX Info: Redefining \bm on input line 207.
)
(/usr/share/texlive/texmf-dist/tex/latex/subfigure/subfigure.sty
Package: subfigure 2002/03/15 v2.1.5 subfigure package
\subfigtopskip=\skip50
\subfigcapskip=\skip51
\subfigcaptopadj=\dimen169
\subfigbottomskip=\skip52
\subfigcapmargin=\dimen170
\subfiglabelskip=\skip53
\c@subfigure=\count126
\c@lofdepth=\count127
\c@subtable=\count128
\c@lotdepth=\count129

****************************************
* Local config file subfigure.cfg used *
****************************************
(/usr/share/texlive/texmf-dist/tex/latex/subfigure/subfigure.cfg)
\subfig@top=\skip54
\subfig@bottom=\skip55
)
(/usr/share/texlive/texmf-dist/tex/latex/booktabs/booktabs.sty
Package: booktabs 2005/04/14 v1.61803 publication quality tables
\heavyrulewidth=\dimen171
\lightrulewidth=\dimen172
\cmidrulewidth=\dimen173
\belowrulesep=\dimen174
\belowbottomsep=\dimen175
\aboverulesep=\dimen176
\abovetopsep=\dimen177
\cmidrulesep=\dimen178
\cmidrulekern=\dimen179
\defaultaddspace=\dimen180
\@cmidla=\count130
\@cmidlb=\count131
\@aboverulesep=\dimen181
\@belowrulesep=\dimen182
\@thisruleclass=\count132
\@lastruleclass=\count133
\@thisrulewidth=\dimen183
)
(/usr/share/texlive/texmf-dist/tex/latex/amscls/amsthm.sty
Package: amsthm 2015/03/04 v2.20.2
\thm@style=\toks35
\thm@bodyfont=\toks36
\thm@headfont=\toks37
\thm@notefont=\toks38
\thm@headpunct=\toks39
\thm@preskip=\skip56
\thm@postskip=\skip57
\thm@headsep=\skip58
\dth@everypar=\toks40
LaTeX Info: Redefining \qed on input line 264.
)
(/usr/share/texlive/texmf-dist/tex/latex/listings/listings.sty
\lst@mode=\count134
\lst@gtempboxa=\box63
\lst@token=\toks41
\lst@length=\count135
\lst@currlwidth=\dimen184
\lst@column=\count136
\lst@pos=\count137
\lst@lostspace=\dimen185
\lst@width=\dimen186
\lst@newlines=\count138
\lst@lineno=\count139
\lst@maxwidth=\dimen187

(/usr/share/texlive/texmf-dist/tex/latex/listings/lstmisc.sty
File: lstmisc.sty 2015/06/04 1.6 (Carsten Heinz)
\c@lstnumber=\count140
\lst@skipnumbers=\count141
\lst@framebox=\box64
)
(/usr/share/texlive/texmf-dist/tex/latex/listings/listings.cfg
File: listings.cfg 2015/06/04 1.6 listings configuration
))
Package: listings 2015/06/04 1.6 (Carsten Heinz)

(/usr/share/texlive/texmf-dist/tex/latex/setspace/setspace.sty
Package: setspace 2011/12/19 v6.7a set line spacing
)
(./Manuscript20190221 v3.aux

LaTeX Warning: Label `eq:rhoLs' multiply defined.


LaTeX Warning: Label `sec:case1' multiply defined.


LaTeX Warning: Label `eq:HLLCEP' multiply defined.


LaTeX Warning: Label `eq:HLLCEP3' multiply defined.


LaTeX Warning: Label `eq:rhoLs' multiply defined.


LaTeX Warning: Label `eq:HLLCEP' multiply defined.


LaTeX Warning: Label `eq:dotV' multiply defined.

)
\openout1 = `"Manuscript20190221 v3.aux"'.

LaTeX Font Info:    Checking defaults for OML/cmm/m/it on input line 26.
LaTeX Font Info:    ... okay on input line 26.
LaTeX Font Info:    Checking defaults for T1/cmr/m/n on input line 26.
LaTeX Font Info:    ... okay on input line 26.
LaTeX Font Info:    Checking defaults for OT1/cmr/m/n on input line 26.
LaTeX Font Info:    ... okay on input line 26.
LaTeX Font Info:    Checking defaults for OMS/cmsy/m/n on input line 26.
LaTeX Font Info:    ... okay on input line 26.
LaTeX Font Info:    Checking defaults for OMX/cmex/m/n on input line 26.
LaTeX Font Info:    ... okay on input line 26.
LaTeX Font Info:    Checking defaults for U/cmr/m/n on input line 26.
LaTeX Font Info:    ... okay on input line 26.
 ABD: EveryShipout initializing macros
\c@lstlisting=\count142
LaTeX Font Info:    Try loading font information for U+msa on input line 49.

(/usr/share/texlive/texmf-dist/tex/latex/amsfonts/umsa.fd
File: umsa.fd 2013/01/14 v3.01 AMS symbols A
)
LaTeX Font Info:    Try loading font information for U+msb on input line 49.

(/usr/share/texlive/texmf-dist/tex/latex/amsfonts/umsb.fd
File: umsb.fd 2013/01/14 v3.01 AMS symbols B
)
LaTeX Font Info:    Try loading font information for U+rsfs on input line 49.

(/usr/share/texlive/texmf-dist/tex/latex/jknapltx/ursfs.fd
File: ursfs.fd 1998/03/24 rsfs font definition file (jk)
) [1


] [2] [3]
[4] [5]
! Argument of \@sect has an extra }.
<inserted text> 
                \par 
l.157 ...n-Solver-/blob/master/MHLLCEPcopy.ipynb}}
                                                  \label{sec:HLLCEP}
? 
Runaway argument?
{\normalsize \bfseries \boldmath }{\@xfootnote }\def \reserved@b {\stepcounter 
\ETC.
! Paragraph ended before \@sect was complete.
<to be read again> 
                   \par 
l.157 ...n-Solver-/blob/master/MHLLCEPcopy.ipynb}}
                                                  \label{sec:HLLCEP}
? 
! Missing $ inserted.
<inserted text> 
                $
l.162 
      
? 
! Display math should end with $$.
<to be read again> 
                   \par 
l.162 
      
? 
! Missing $ inserted.
<inserted text> 
                $
l.163    \left
              \{ \begin{aligned}
? 
! You can't use `\eqno' in math mode.
\endmathdisplay@a ...\df@tag \@empty \else \veqno 
                                                  \alt@tag \df@tag \fi \ifx ...
l.175 \end{equation}
                    
? 
! Missing $ inserted.
<inserted text> 
                $
l.175 \end{equation}
                    
? 
[6] [7] [8] [9] [10] [11]
Missing character: There is no p in font nullfont!
 [12] [13] [14] [15] [16] [17]
Overfull \hbox (5.65517pt too wide) detected at line 692
[] \OT1/cmr/m/n/10 = []  [] = []
 []

[18] [19] [20] [21] [22]
Overfull \hbox (52.6552pt too wide) detected at line 899
[] \OT1/cmr/m/n/10 = []  [] = []
 []

[23] [24] [25] [26] [27] [28]
Overfull \hbox (2.01205pt too wide) in paragraph at lines 1147--1147
[][][][]$[]\OML/cmm/m/it/7 ; []$  
 []


Overfull \hbox (3.35388pt too wide) in paragraph at lines 1148--1148
[][][][]$[]\OML/cmm/m/it/7 ; []$  
 []

[29] [30] [31]
File: picture/PistonRho.eps Graphic file (type eps)
 <picture/PistonRho.eps>
File: picture/PistonU.eps Graphic file (type eps)
 <picture/PistonU.eps>
File: picture/PistonP.eps Graphic file (type eps)

<picture/PistonP.eps>
File: picture/PistonSxx.eps Graphic file (type eps)
 <picture/PistonSxx.eps>
Overfull \hbox (73.33643pt too wide) in paragraph at lines 1282--1283
[][] 
 []

[32]
Invalid UTF-8 byte or sequence at line 1303 replaced by U+FFFD.
Invalid UTF-8 byte or sequence at line 1303 replaced by U+FFFD.
Invalid UTF-8 byte or sequence at line 1303 replaced by U+FFFD.
Invalid UTF-8 byte or sequence at line 1303 replaced by U+FFFD.
Invalid UTF-8 byte or sequence at line 1303 replaced by U+FFFD.
Invalid UTF-8 byte or sequence at line 1303 replaced by U+FFFD.
File: picture/WilkinsRho.eps Graphic file (type eps)
 <picture/WilkinsRho.eps>
Invalid UTF-8 byte or sequence at line 1305 replaced by U+FFFD.
Invalid UTF-8 byte or sequence at line 1305 replaced by U+FFFD.
Invalid UTF-8 byte or sequence at line 1305 replaced by U+FFFD.
Invalid UTF-8 byte or sequence at line 1305 replaced by U+FFFD.
Invalid UTF-8 byte or sequence at line 1305 replaced by U+FFFD.
Invalid UTF-8 byte or sequence at line 1305 replaced by U+FFFD.
Invalid UTF-8 byte or sequence at line 1305 replaced by U+FFFD.
Invalid UTF-8 byte or sequence at line 1305 replaced by U+FFFD.
File: picture/WilkinsU.eps Graphic file (type eps)
 <picture/WilkinsU.eps>
Invalid UTF-8 byte or sequence at line 1307 replaced by U+FFFD.
Invalid UTF-8 byte or sequence at line 1307 replaced by U+FFFD.
Invalid UTF-8 byte or sequence at line 1307 replaced by U+FFFD.
Invalid UTF-8 byte or sequence at line 1307 replaced by U+FFFD.
Invalid UTF-8 byte or sequence at line 1307 replaced by U+FFFD.
Invalid UTF-8 byte or sequence at line 1307 replaced by U+FFFD.
Invalid UTF-8 byte or sequence at line 1307 replaced by U+FFFD.
Invalid UTF-8 byte or sequence at line 1307 replaced by U+FFFD.
Invalid UTF-8 byte or sequence at line 1307 replaced by U+FFFD.
File: picture/WilkinsP.eps Graphic file (type eps)
 <picture/WilkinsP.eps>
Invalid UTF-8 byte or sequence at line 1309 replaced by U+FFFD.
Invalid UTF-8 byte or sequence at line 1309 replaced by U+FFFD.
Invalid UTF-8 byte or sequence at line 1309 replaced by U+FFFD.
Invalid UTF-8 byte or sequence at line 1309 replaced by U+FFFD.
Invalid UTF-8 byte or sequence at line 1309 replaced by U+FFFD.
Invalid UTF-8 byte or sequence at line 1309 replaced by U+FFFD.
File: picture/WilkinsSxx.eps Graphic file (type eps)

<picture/WilkinsSxx.eps>
Overfull \hbox (73.33643pt too wide) in paragraph at lines 1315--1316
[][] 
 []


Overfull \hbox (5.02368pt too wide) in paragraph at lines 1321--1323
\OT1/cmr/m/n/10 10[][])$ and $(\OML/cmm/m/it/10 ^^Z[]; a[]; \OT1/cmr/m/n/10 ^^@
[]\OML/cmm/m/it/10 ; s; ^^V\OT1/cmr/m/n/10 )[] = (2785[]\OML/cmm/m/it/10 =[][];
 \OT1/cmr/m/n/10 5328[]\OML/cmm/m/it/10 =[]; \OT1/cmr/m/n/10 2\OML/cmm/m/it/10 
; \OT1/cmr/m/n/10 1\OML/cmm/m/it/10 :\OT1/cmr/m/n/10 338\OML/cmm/m/it/10 ; \OT1
/cmr/m/n/10 4\OML/cmm/m/it/10 :\OT1/cmr/m/n/10 5 \OMS/cmsy/m/n/10 ^^B \OT1/cmr/
m/n/10 10[][])$,
 []

[33] [34] [35]
Invalid UTF-8 byte or sequence at line 1336 replaced by U+FFFD.
Invalid UTF-8 byte or sequence at line 1336 replaced by U+FFFD.
Invalid UTF-8 byte or sequence at line 1336 replaced by U+FFFD.
Invalid UTF-8 byte or sequence at line 1336 replaced by U+FFFD.
Invalid UTF-8 byte or sequence at line 1336 replaced by U+FFFD.
Invalid UTF-8 byte or sequence at line 1336 replaced by U+FFFD.
Invalid UTF-8 byte or sequence at line 1336 replaced by U+FFFD.
Invalid UTF-8 byte or sequence at line 1336 replaced by U+FFFD.
Invalid UTF-8 byte or sequence at line 1336 replaced by U+FFFD.
Invalid UTF-8 byte or sequence at line 1336 replaced by U+FFFD.
Invalid UTF-8 byte or sequence at line 1336 replaced by U+FFFD.
File: picture/TwoMatterRho.eps Graphic file (type eps)
 <picture/TwoMatterRho.eps>
Invalid UTF-8 byte or sequence at line 1338 replaced by U+FFFD.
Invalid UTF-8 byte or sequence at line 1338 replaced by U+FFFD.
Invalid UTF-8 byte or sequence at line 1338 replaced by U+FFFD.
Invalid UTF-8 byte or sequence at line 1338 replaced by U+FFFD.
Invalid UTF-8 byte or sequence at line 1338 replaced by U+FFFD.
Invalid UTF-8 byte or sequence at line 1338 replaced by U+FFFD.
File: picture/TwoMatterU.eps Graphic file (type eps)
 <picture/TwoMatterU.eps>
Invalid UTF-8 byte or sequence at line 1340 replaced by U+FFFD.
Invalid UTF-8 byte or sequence at line 1340 replaced by U+FFFD.
Invalid UTF-8 byte or sequence at line 1340 replaced by U+FFFD.
Invalid UTF-8 byte or sequence at line 1340 replaced by U+FFFD.
Invalid UTF-8 byte or sequence at line 1340 replaced by U+FFFD.
Invalid UTF-8 byte or sequence at line 1340 replaced by U+FFFD.
Invalid UTF-8 byte or sequence at line 1340 replaced by U+FFFD.
File: picture/TwoMatterP.eps Graphic file (type eps)

<picture/TwoMatterP.eps>
Invalid UTF-8 byte or sequence at line 1342 replaced by U+FFFD.
Invalid UTF-8 byte or sequence at line 1342 replaced by U+FFFD.
Invalid UTF-8 byte or sequence at line 1342 replaced by U+FFFD.
Invalid UTF-8 byte or sequence at line 1342 replaced by U+FFFD.
Invalid UTF-8 byte or sequence at line 1342 replaced by U+FFFD.
Invalid UTF-8 byte or sequence at line 1342 replaced by U+FFFD.
File: picture/TwoMatterSigma.eps Graphic file (type eps)
 <picture/TwoMatterSigma.eps>
Overfull \hbox (73.33643pt too wide) in paragraph at lines 1348--1349
[][] 
 []

Invalid UTF-8 byte or sequence at line 1362 replaced by U+FFFD.
Invalid UTF-8 byte or sequence at line 1362 replaced by U+FFFD.
Invalid UTF-8 byte or sequence at line 1362 replaced by U+FFFD.
Invalid UTF-8 byte or sequence at line 1362 replaced by U+FFFD.
Invalid UTF-8 byte or sequence at line 1362 replaced by U+FFFD.
Invalid UTF-8 byte or sequence at line 1362 replaced by U+FFFD.
Invalid UTF-8 byte or sequence at line 1362 replaced by U+FFFD.
File: picture/Mult-MaterialsRho.eps Graphic file (type eps)
<picture/Mult-MaterialsRho.eps>
Invalid UTF-8 byte or sequence at line 1364 replaced by U+FFFD.
Invalid UTF-8 byte or sequence at line 1364 replaced by U+FFFD.
Invalid UTF-8 byte or sequence at line 1364 replaced by U+FFFD.
Invalid UTF-8 byte or sequence at line 1364 replaced by U+FFFD.
Invalid UTF-8 byte or sequence at line 1364 replaced by U+FFFD.
Invalid UTF-8 byte or sequence at line 1364 replaced by U+FFFD.
Invalid UTF-8 byte or sequence at line 1364 replaced by U+FFFD.
Invalid UTF-8 byte or sequence at line 1364 replaced by U+FFFD.
File: picture/Mult-MaterialsU.eps Graphic file (type eps)
 <picture/Mult-MaterialsU.eps>
Invalid UTF-8 byte or sequence at line 1366 replaced by U+FFFD.
Invalid UTF-8 byte or sequence at line 1366 replaced by U+FFFD.
Invalid UTF-8 byte or sequence at line 1366 replaced by U+FFFD.
Invalid UTF-8 byte or sequence at line 1366 replaced by U+FFFD.
Invalid UTF-8 byte or sequence at line 1366 replaced by U+FFFD.
Invalid UTF-8 byte or sequence at line 1366 replaced by U+FFFD.
File: picture/Mult-MaterialsP.eps Graphic file (type eps)

<picture/Mult-MaterialsP.eps>
Invalid UTF-8 byte or sequence at line 1368 replaced by U+FFFD.
Invalid UTF-8 byte or sequence at line 1368 replaced by U+FFFD.
Invalid UTF-8 byte or sequence at line 1368 replaced by U+FFFD.
Invalid UTF-8 byte or sequence at line 1368 replaced by U+FFFD.
Invalid UTF-8 byte or sequence at line 1368 replaced by U+FFFD.
Invalid UTF-8 byte or sequence at line 1368 replaced by U+FFFD.
File: picture/Mult-MaterialsSigma.eps Graphic file (type eps)
 <picture/Mult-MaterialsSigma.eps>
Missing character: There is no e in font nullfont!
Missing character: There is no c in font nullfont!

Overfull \hbox (86.21677pt too wide) in paragraph at lines 1374--1375
[][] 
 []

Invalid UTF-8 byte or sequence at line 1387 replaced by U+FFFD.
Invalid UTF-8 byte or sequence at line 1387 replaced by U+FFFD.
Invalid UTF-8 byte or sequence at line 1387 replaced by U+FFFD.
Invalid UTF-8 byte or sequence at line 1387 replaced by U+FFFD.
Invalid UTF-8 byte or sequence at line 1387 replaced by U+FFFD.
Invalid UTF-8 byte or sequence at line 1387 replaced by U+FFFD.
Invalid UTF-8 byte or sequence at line 1387 replaced by U+FFFD.
Invalid UTF-8 byte or sequence at line 1387 replaced by U+FFFD.
File: picture/Mult-Materials2Rho.eps Graphic file (type eps)
<picture/Mult-Materials2Rho.eps>
Invalid UTF-8 byte or sequence at line 1389 replaced by U+FFFD.
Invalid UTF-8 byte or sequence at line 1389 replaced by U+FFFD.
Invalid UTF-8 byte or sequence at line 1389 replaced by U+FFFD.
Invalid UTF-8 byte or sequence at line 1389 replaced by U+FFFD.
Invalid UTF-8 byte or sequence at line 1389 replaced by U+FFFD.
Invalid UTF-8 byte or sequence at line 1389 replaced by U+FFFD.
Invalid UTF-8 byte or sequence at line 1389 replaced by U+FFFD.
Invalid UTF-8 byte or sequence at line 1389 replaced by U+FFFD.
Invalid UTF-8 byte or sequence at line 1389 replaced by U+FFFD.
File: picture/Mult-Materials2U.eps Graphic file (type eps)
 <picture/Mult-Materials2U.eps>
Invalid UTF-8 byte or sequence at line 1391 replaced by U+FFFD.
Invalid UTF-8 byte or sequence at line 1391 replaced by U+FFFD.
Invalid UTF-8 byte or sequence at line 1391 replaced by U+FFFD.
Invalid UTF-8 byte or sequence at line 1391 replaced by U+FFFD.
Invalid UTF-8 byte or sequence at line 1391 replaced by U+FFFD.
Invalid UTF-8 byte or sequence at line 1391 replaced by U+FFFD.
File: picture/Mult-Materials2P.eps Graphic file (type eps)

<picture/Mult-Materials2P.eps>
Invalid UTF-8 byte or sequence at line 1393 replaced by U+FFFD.
Invalid UTF-8 byte or sequence at line 1393 replaced by U+FFFD.
Invalid UTF-8 byte or sequence at line 1393 replaced by U+FFFD.
Invalid UTF-8 byte or sequence at line 1393 replaced by U+FFFD.
Invalid UTF-8 byte or sequence at line 1393 replaced by U+FFFD.
Invalid UTF-8 byte or sequence at line 1393 replaced by U+FFFD.
Invalid UTF-8 byte or sequence at line 1393 replaced by U+FFFD.
File: picture/Mult-Materials2Sxx.eps Graphic file (type eps)
 <picture/Mult-Materials2Sxx.eps>
Missing character: There is no e in font nullfont!
Missing character: There is no c in font nullfont!

Overfull \hbox (86.21677pt too wide) in paragraph at lines 1399--1400
[][] 
 []

[36] [37] [38] [39] (./Manuscript20190221 v3.bbl [40] [41]
Underfull \hbox (badness 1062) in paragraph at lines 81--83
[]\OT1/cmr/m/n/10 G.-S. Jiang, C.-W. Shu, Ef-fi-cient im-ple-men-ta-tion of wei
ghted ENO
 []

) [42] (./Manuscript20190221 v3.aux)

LaTeX Warning: There were multiply-defined labels.

 ) 
Here is how much of TeX's memory you used:
 16816 strings out of 493638
 345455 string characters out of 6146796
 412973 words of memory out of 5000000
 19851 multiletter control sequences out of 15000+600000
 18186 words of font info for 69 fonts, out of 8000000 for 9000
 1328 hyphenation exceptions out of 8191
 55i,18n,67p,1688b,971s stack positions out of 5000i,500n,10000p,200000b,80000s

Output written on Manuscript20190221 v3.pdf (42 pages).
